{
  "RSpec": {
    "coverage": {
      "/Users/Tara/Projects/week10/GildedRose/spec/gilded_rose_spec.rb": [
        1,
        null,
        1,
        null,
        1,
        1,
        1,
        1,
        null,
        null,
        1,
        1,
        1,
        1,
        1,
        null,
        1,
        1,
        1,
        null,
        null,
        null,
        1,
        1,
        12,
        null,
        1,
        1,
        1,
        null,
        1,
        1,
        1,
        null,
        null,
        null,
        1,
        1,
        26,
        null,
        1,
        1,
        1,
        null,
        1,
        1,
        1,
        null,
        null,
        null,
        null,
        null,
        null,
        null,
        null,
        null,
        null,
        null
      ],
      "/Users/Tara/Projects/week10/GildedRose/lib/gilded_rose.rb": [
        1,
        null,
        1,
        null,
        1,
        null,
        1,
        7,
        7,
        7,
        7,
        7,
        7,
        null,
        null,
        1,
        41,
        205,
        123,
        105,
        64,
        null,
        null,
        null,
        82,
        82,
        82,
        41,
        18,
        18,
        null,
        null,
        41,
        6,
        6,
        null,
        null,
        null,
        null,
        null,
        205,
        164,
        null,
        205,
        74,
        44,
        44,
        20,
        20,
        null,
        null,
        null,
        0,
        null,
        null,
        30,
        30,
        null,
        null,
        null,
        null,
        null,
        null
      ],
      "/Users/Tara/Projects/week10/GildedRose/lib/item.rb": [
        1,
        1,
        null,
        1,
        35,
        35,
        35,
        null,
        null,
        1,
        0,
        null,
        null
      ],
      "/Users/Tara/Projects/week10/GildedRose/spec/item_spec.rb": [
        null
      ]
    },
    "timestamp": 1559905375
  }
}
