{
  "RSpec": {
    "coverage": {
      "/Users/Tara/Projects/week10/GildedRose/spec/gilded_rose_spec.rb": [
        1,
        null,
        1,
        null,
        1,
        1,
        1,
        1,
        null,
        null,
        1,
        1,
        1,
        1,
        null,
        null,
        null,
        null,
        null,
        null,
        null,
        null,
        null,
        null
      ],
      "/Users/Tara/Projects/week10/GildedRose/lib/gilded_rose.rb": [
        1,
        null,
        1,
        null,
        1,
        null,
        1,
        2,
        2,
        2,
        2,
        2,
        2,
        null,
        null,
        1,
        2,
        10,
        6,
        6,
        4,
        null,
        null,
        null,
        4,
        4,
        4,
        2,
        0,
        0,
        null,
        null,
        2,
        0,
        0,
        null,
        null,
        null,
        null,
        null,
        10,
        8,
        null,
        10,
        0,
        0,
        0,
        0,
        0,
        null,
        null,
        null,
        0,
        null,
        null,
        0,
        0,
        null,
        null,
        null,
        null,
        null,
        null
      ],
      "/Users/Tara/Projects/week10/GildedRose/lib/item.rb": [
        1,
        1,
        null,
        1,
        10,
        10,
        10,
        null,
        null,
        1,
        0,
        null,
        null
      ],
      "/Users/Tara/Projects/week10/GildedRose/spec/item_spec.rb": [
        null
      ]
    },
    "timestamp": 1559904773
  }
}
